# JRE version: Java(TM) SE Runtime Environment (14.0+36) (build 14+36-1461)
# Java VM: Java HotSpot(TM) 64-Bit Server VM (14+36-1461, mixed mode, sharing, tiered, compressed oops, g1 gc, bsd-amd64)
Heap:
 garbage-first heap   total 48128K, used 14224K [0x0000000780000000, 0x0000000800000000)
  region size 1024K, 1 young (1024K), 0 survivors (0K)
 Metaspace       used 19278K, capacity 20246K, committed 20352K, reserved 1067008K
  class space    used 2772K, capacity 3155K, committed 3200K, reserved 1048576K
GC Heap History (8 events):
Event: 0.666 GC heap before
{Heap before GC invocations=0 (full 0):
 garbage-first heap   total 133120K, used 14128K [0x0000000780000000, 0x0000000800000000)
  region size 1024K, 13 young (13312K), 0 survivors (0K)
 Metaspace       used 3199K, capacity 6108K, committed 6400K, reserved 1056768K
  class space    used 374K, capacity 680K, committed 768K, reserved 1048576K
}
Event: 0.669 GC heap after
{Heap after GC invocations=1 (full 0):
 garbage-first heap   total 133120K, used 2730K [0x0000000780000000, 0x0000000800000000)
  region size 1024K, 2 young (2048K), 2 survivors (2048K)
 Metaspace       used 3199K, capacity 6108K, committed 6400K, reserved 1056768K
  class space    used 374K, capacity 680K, committed 768K, reserved 1048576K
}
Event: 1.438 GC heap before
{Heap before GC invocations=1 (full 0):
 garbage-first heap   total 133120K, used 23210K [0x0000000780000000, 0x0000000800000000)
  region size 1024K, 23 young (23552K), 2 survivors (2048K)
 Metaspace       used 9674K, capacity 10826K, committed 11008K, reserved 1058816K
  class space    used 1286K, capacity 1448K, committed 1536K, reserved 1048576K
}
Event: 1.446 GC heap after
{Heap after GC invocations=2 (full 0):
 garbage-first heap   total 133120K, used 7028K [0x0000000780000000, 0x0000000800000000)
  region size 1024K, 3 young (3072K), 3 survivors (3072K)
 Metaspace       used 9674K, capacity 10826K, committed 11008K, reserved 1058816K
  class space    used 1286K, capacity 1448K, committed 1536K, reserved 1048576K
}
Event: 9.606 GC heap before
{Heap before GC invocations=2 (full 0):
 garbage-first heap   total 133120K, used 52084K [0x0000000780000000, 0x0000000800000000)
  region size 1024K, 46 young (47104K), 3 survivors (3072K)
 Metaspace       used 19248K, capacity 20243K, committed 20352K, reserved 1067008K
  class space    used 2771K, capacity 3154K, committed 3200K, reserved 1048576K
}
Event: 9.632 GC heap after
{Heap after GC invocations=3 (full 1):
 garbage-first heap   total 51200K, used 12201K [0x0000000780000000, 0x0000000800000000)
  region size 1024K, 0 young (0K), 0 survivors (0K)
 Metaspace       used 19248K, capacity 20243K, committed 20352K, reserved 1067008K
  class space    used 2771K, capacity 3154K, committed 3200K, reserved 1048576K
}
Event: 9.633 GC heap before
{Heap before GC invocations=3 (full 1):
 garbage-first heap   total 51200K, used 12201K [0x0000000780000000, 0x0000000800000000)
  region size 1024K, 1 young (1024K), 0 survivors (0K)
 Metaspace       used 19253K, capacity 20246K, committed 20352K, reserved 1067008K
  class space    used 2771K, capacity 3155K, committed 3200K, reserved 1048576K
}
Event: 9.652 GC heap after
{Heap after GC invocations=4 (full 2):
 garbage-first heap   total 48128K, used 12176K [0x0000000780000000, 0x0000000800000000)
  region size 1024K, 0 young (0K), 0 survivors (0K)
 Metaspace       used 19253K, capacity 20246K, committed 20352K, reserved 1067008K
  class space    used 2771K, capacity 3155K, committed 3200K, reserved 1048576K
}

