# JRE version: Java(TM) SE Runtime Environment (14.0+36) (build 14+36-1461)
# Java VM: Java HotSpot(TM) 64-Bit Server VM (14+36-1461, mixed mode, sharing, tiered, compressed oops, g1 gc, bsd-amd64)
Heap:
 garbage-first heap   total 162816K, used 65115K [0x0000000780000000, 0x0000000800000000)
  region size 1024K, 3 young (3072K), 1 survivors (1024K)
 Metaspace       used 19620K, capacity 20442K, committed 20608K, reserved 1067008K
  class space    used 2569K, capacity 2897K, committed 2944K, reserved 1048576K
GC Heap History (20 events):
Event: 70.931 GC heap before
{Heap before GC invocations=277 (full 0):
 garbage-first heap   total 162816K, used 141794K [0x0000000780000000, 0x0000000800000000)
  region size 1024K, 77 young (78848K), 1 survivors (1024K)
 Metaspace       used 19526K, capacity 20372K, committed 20608K, reserved 1067008K
  class space    used 2565K, capacity 2897K, committed 2944K, reserved 1048576K
}
Event: 70.932 GC heap after
{Heap after GC invocations=278 (full 0):
 garbage-first heap   total 162816K, used 64001K [0x0000000780000000, 0x0000000800000000)
  region size 1024K, 1 young (1024K), 1 survivors (1024K)
 Metaspace       used 19526K, capacity 20372K, committed 20608K, reserved 1067008K
  class space    used 2565K, capacity 2897K, committed 2944K, reserved 1048576K
}
Event: 71.182 GC heap before
{Heap before GC invocations=278 (full 0):
 garbage-first heap   total 162816K, used 141825K [0x0000000780000000, 0x0000000800000000)
  region size 1024K, 77 young (78848K), 1 survivors (1024K)
 Metaspace       used 19528K, capacity 20372K, committed 20608K, reserved 1067008K
  class space    used 2565K, capacity 2897K, committed 2944K, reserved 1048576K
}
Event: 71.183 GC heap after
{Heap after GC invocations=279 (full 0):
 garbage-first heap   total 162816K, used 63972K [0x0000000780000000, 0x0000000800000000)
  region size 1024K, 1 young (1024K), 1 survivors (1024K)
 Metaspace       used 19528K, capacity 20372K, committed 20608K, reserved 1067008K
  class space    used 2565K, capacity 2897K, committed 2944K, reserved 1048576K
}
Event: 71.424 GC heap before
{Heap before GC invocations=279 (full 0):
 garbage-first heap   total 162816K, used 141796K [0x0000000780000000, 0x0000000800000000)
  region size 1024K, 77 young (78848K), 1 survivors (1024K)
 Metaspace       used 19536K, capacity 20372K, committed 20608K, reserved 1067008K
  class space    used 2565K, capacity 2897K, committed 2944K, reserved 1048576K
}
Event: 71.426 GC heap after
{Heap after GC invocations=280 (full 0):
 garbage-first heap   total 162816K, used 63984K [0x0000000780000000, 0x0000000800000000)
  region size 1024K, 1 young (1024K), 1 survivors (1024K)
 Metaspace       used 19536K, capacity 20372K, committed 20608K, reserved 1067008K
  class space    used 2565K, capacity 2897K, committed 2944K, reserved 1048576K
}
Event: 71.665 GC heap before
{Heap before GC invocations=280 (full 0):
 garbage-first heap   total 162816K, used 141808K [0x0000000780000000, 0x0000000800000000)
  region size 1024K, 77 young (78848K), 1 survivors (1024K)
 Metaspace       used 19536K, capacity 20372K, committed 20608K, reserved 1067008K
  class space    used 2565K, capacity 2897K, committed 2944K, reserved 1048576K
}
Event: 71.666 GC heap after
{Heap after GC invocations=281 (full 0):
 garbage-first heap   total 162816K, used 63985K [0x0000000780000000, 0x0000000800000000)
  region size 1024K, 1 young (1024K), 1 survivors (1024K)
 Metaspace       used 19536K, capacity 20372K, committed 20608K, reserved 1067008K
  class space    used 2565K, capacity 2897K, committed 2944K, reserved 1048576K
}
Event: 71.938 GC heap before
{Heap before GC invocations=281 (full 0):
 garbage-first heap   total 162816K, used 141809K [0x0000000780000000, 0x0000000800000000)
  region size 1024K, 77 young (78848K), 1 survivors (1024K)
 Metaspace       used 19548K, capacity 20372K, committed 20608K, reserved 1067008K
  class space    used 2565K, capacity 2897K, committed 2944K, reserved 1048576K
}
Event: 71.941 GC heap after
{Heap after GC invocations=282 (full 0):
 garbage-first heap   total 162816K, used 63957K [0x0000000780000000, 0x0000000800000000)
  region size 1024K, 1 young (1024K), 1 survivors (1024K)
 Metaspace       used 19548K, capacity 20372K, committed 20608K, reserved 1067008K
  class space    used 2565K, capacity 2897K, committed 2944K, reserved 1048576K
}
Event: 72.285 GC heap before
{Heap before GC invocations=282 (full 0):
 garbage-first heap   total 162816K, used 141781K [0x0000000780000000, 0x0000000800000000)
  region size 1024K, 77 young (78848K), 1 survivors (1024K)
 Metaspace       used 19560K, capacity 20372K, committed 20608K, reserved 1067008K
  class space    used 2566K, capacity 2897K, committed 2944K, reserved 1048576K
}
Event: 72.286 GC heap after
{Heap after GC invocations=283 (full 0):
 garbage-first heap   total 162816K, used 63554K [0x0000000780000000, 0x0000000800000000)
  region size 1024K, 1 young (1024K), 1 survivors (1024K)
 Metaspace       used 19560K, capacity 20372K, committed 20608K, reserved 1067008K
  class space    used 2566K, capacity 2897K, committed 2944K, reserved 1048576K
}
Event: 72.445 GC heap before
{Heap before GC invocations=283 (full 0):
 garbage-first heap   total 162816K, used 141378K [0x0000000780000000, 0x0000000800000000)
  region size 1024K, 77 young (78848K), 1 survivors (1024K)
 Metaspace       used 19560K, capacity 20372K, committed 20608K, reserved 1067008K
  class space    used 2566K, capacity 2897K, committed 2944K, reserved 1048576K
}
Event: 72.447 GC heap after
{Heap after GC invocations=284 (full 0):
 garbage-first heap   total 162816K, used 63556K [0x0000000780000000, 0x0000000800000000)
  region size 1024K, 1 young (1024K), 1 survivors (1024K)
 Metaspace       used 19560K, capacity 20372K, committed 20608K, reserved 1067008K
  class space    used 2566K, capacity 2897K, committed 2944K, reserved 1048576K
}
Event: 73.936 GC heap before
{Heap before GC invocations=284 (full 0):
 garbage-first heap   total 162816K, used 142404K [0x0000000780000000, 0x0000000800000000)
  region size 1024K, 78 young (79872K), 1 survivors (1024K)
 Metaspace       used 19576K, capacity 20373K, committed 20608K, reserved 1067008K
  class space    used 2566K, capacity 2897K, committed 2944K, reserved 1048576K
}
Event: 73.939 GC heap after
{Heap after GC invocations=285 (full 0):
 garbage-first heap   total 162816K, used 63955K [0x0000000780000000, 0x0000000800000000)
  region size 1024K, 1 young (1024K), 1 survivors (1024K)
 Metaspace       used 19576K, capacity 20373K, committed 20608K, reserved 1067008K
  class space    used 2566K, capacity 2897K, committed 2944K, reserved 1048576K
}
Event: 74.336 GC heap before
{Heap before GC invocations=285 (full 0):
 garbage-first heap   total 162816K, used 141779K [0x0000000780000000, 0x0000000800000000)
  region size 1024K, 77 young (78848K), 1 survivors (1024K)
 Metaspace       used 19580K, capacity 20373K, committed 20608K, reserved 1067008K
  class space    used 2566K, capacity 2897K, committed 2944K, reserved 1048576K
}
Event: 74.337 GC heap after
{Heap after GC invocations=286 (full 0):
 garbage-first heap   total 162816K, used 64052K [0x0000000780000000, 0x0000000800000000)
  region size 1024K, 1 young (1024K), 1 survivors (1024K)
 Metaspace       used 19580K, capacity 20373K, committed 20608K, reserved 1067008K
  class space    used 2566K, capacity 2897K, committed 2944K, reserved 1048576K
}
Event: 74.697 GC heap before
{Heap before GC invocations=286 (full 0):
 garbage-first heap   total 162816K, used 141876K [0x0000000780000000, 0x0000000800000000)
  region size 1024K, 77 young (78848K), 1 survivors (1024K)
 Metaspace       used 19619K, capacity 20442K, committed 20608K, reserved 1067008K
  class space    used 2569K, capacity 2897K, committed 2944K, reserved 1048576K
}
Event: 74.699 GC heap after
{Heap after GC invocations=287 (full 0):
 garbage-first heap   total 162816K, used 64046K [0x0000000780000000, 0x0000000800000000)
  region size 1024K, 1 young (1024K), 1 survivors (1024K)
 Metaspace       used 19619K, capacity 20442K, committed 20608K, reserved 1067008K
  class space    used 2569K, capacity 2897K, committed 2944K, reserved 1048576K
}

