# JRE version: Java(TM) SE Runtime Environment (14.0+36) (build 14+36-1461)
# Java VM: Java HotSpot(TM) 64-Bit Server VM (14+36-1461, mixed mode, sharing, tiered, compressed oops, g1 gc, bsd-amd64)
Heap:
 garbage-first heap   total 135168K, used 78836K [0x0000000780000000, 0x0000000800000000)
  region size 1024K, 18 young (18432K), 1 survivors (1024K)
 Metaspace       used 19357K, capacity 20182K, committed 20352K, reserved 1067008K
  class space    used 2572K, capacity 2903K, committed 2944K, reserved 1048576K
GC Heap History (20 events):
Event: 40.015 GC heap before
{Heap before GC invocations=129 (full 0):
 garbage-first heap   total 135168K, used 114723K [0x0000000780000000, 0x0000000800000000)
  region size 1024K, 52 young (53248K), 1 survivors (1024K)
 Metaspace       used 19263K, capacity 20118K, committed 20352K, reserved 1067008K
  class space    used 2572K, capacity 2903K, committed 2944K, reserved 1048576K
}
Event: 40.016 GC heap after
{Heap after GC invocations=130 (full 0):
 garbage-first heap   total 135168K, used 62580K [0x0000000780000000, 0x0000000800000000)
  region size 1024K, 1 young (1024K), 1 survivors (1024K)
 Metaspace       used 19263K, capacity 20118K, committed 20352K, reserved 1067008K
  class space    used 2572K, capacity 2903K, committed 2944K, reserved 1048576K
}
Event: 40.449 GC heap before
{Heap before GC invocations=130 (full 0):
 garbage-first heap   total 135168K, used 114804K [0x0000000780000000, 0x0000000800000000)
  region size 1024K, 52 young (53248K), 1 survivors (1024K)
 Metaspace       used 19265K, capacity 20118K, committed 20352K, reserved 1067008K
  class space    used 2572K, capacity 2903K, committed 2944K, reserved 1048576K
}
Event: 40.450 GC heap after
{Heap after GC invocations=131 (full 0):
 garbage-first heap   total 135168K, used 62530K [0x0000000780000000, 0x0000000800000000)
  region size 1024K, 1 young (1024K), 1 survivors (1024K)
 Metaspace       used 19265K, capacity 20118K, committed 20352K, reserved 1067008K
  class space    used 2572K, capacity 2903K, committed 2944K, reserved 1048576K
}
Event: 40.892 GC heap before
{Heap before GC invocations=132 (full 0):
 garbage-first heap   total 135168K, used 114754K [0x0000000780000000, 0x0000000800000000)
  region size 1024K, 52 young (53248K), 1 survivors (1024K)
 Metaspace       used 19270K, capacity 20118K, committed 20352K, reserved 1067008K
  class space    used 2572K, capacity 2903K, committed 2944K, reserved 1048576K
}
Event: 40.893 GC heap after
{Heap after GC invocations=133 (full 0):
 garbage-first heap   total 135168K, used 62477K [0x0000000780000000, 0x0000000800000000)
  region size 1024K, 1 young (1024K), 1 survivors (1024K)
 Metaspace       used 19270K, capacity 20118K, committed 20352K, reserved 1067008K
  class space    used 2572K, capacity 2903K, committed 2944K, reserved 1048576K
}
Event: 41.328 GC heap before
{Heap before GC invocations=133 (full 0):
 garbage-first heap   total 135168K, used 114701K [0x0000000780000000, 0x0000000800000000)
  region size 1024K, 52 young (53248K), 1 survivors (1024K)
 Metaspace       used 19278K, capacity 20118K, committed 20352K, reserved 1067008K
  class space    used 2572K, capacity 2903K, committed 2944K, reserved 1048576K
}
Event: 41.329 GC heap after
{Heap after GC invocations=134 (full 0):
 garbage-first heap   total 135168K, used 62507K [0x0000000780000000, 0x0000000800000000)
  region size 1024K, 1 young (1024K), 1 survivors (1024K)
 Metaspace       used 19278K, capacity 20118K, committed 20352K, reserved 1067008K
  class space    used 2572K, capacity 2903K, committed 2944K, reserved 1048576K
}
Event: 41.665 GC heap before
{Heap before GC invocations=135 (full 0):
 garbage-first heap   total 135168K, used 114731K [0x0000000780000000, 0x0000000800000000)
  region size 1024K, 52 young (53248K), 1 survivors (1024K)
 Metaspace       used 19278K, capacity 20118K, committed 20352K, reserved 1067008K
  class space    used 2572K, capacity 2903K, committed 2944K, reserved 1048576K
}
Event: 41.666 GC heap after
{Heap after GC invocations=136 (full 0):
 garbage-first heap   total 135168K, used 62530K [0x0000000780000000, 0x0000000800000000)
  region size 1024K, 1 young (1024K), 1 survivors (1024K)
 Metaspace       used 19278K, capacity 20118K, committed 20352K, reserved 1067008K
  class space    used 2572K, capacity 2903K, committed 2944K, reserved 1048576K
}
Event: 41.888 GC heap before
{Heap before GC invocations=136 (full 0):
 garbage-first heap   total 135168K, used 114754K [0x0000000780000000, 0x0000000800000000)
  region size 1024K, 52 young (53248K), 1 survivors (1024K)
 Metaspace       used 19279K, capacity 20118K, committed 20352K, reserved 1067008K
  class space    used 2572K, capacity 2903K, committed 2944K, reserved 1048576K
}
Event: 41.889 GC heap after
{Heap after GC invocations=137 (full 0):
 garbage-first heap   total 135168K, used 62583K [0x0000000780000000, 0x0000000800000000)
  region size 1024K, 1 young (1024K), 1 survivors (1024K)
 Metaspace       used 19279K, capacity 20118K, committed 20352K, reserved 1067008K
  class space    used 2572K, capacity 2903K, committed 2944K, reserved 1048576K
}
Event: 42.220 GC heap before
{Heap before GC invocations=138 (full 0):
 garbage-first heap   total 135168K, used 114807K [0x0000000780000000, 0x0000000800000000)
  region size 1024K, 52 young (53248K), 1 survivors (1024K)
 Metaspace       used 19335K, capacity 20182K, committed 20352K, reserved 1067008K
  class space    used 2572K, capacity 2903K, committed 2944K, reserved 1048576K
}
Event: 42.224 GC heap after
{Heap after GC invocations=139 (full 0):
 garbage-first heap   total 135168K, used 62022K [0x0000000780000000, 0x0000000800000000)
  region size 1024K, 1 young (1024K), 1 survivors (1024K)
 Metaspace       used 19335K, capacity 20182K, committed 20352K, reserved 1067008K
  class space    used 2572K, capacity 2903K, committed 2944K, reserved 1048576K
}
Event: 42.449 GC heap before
{Heap before GC invocations=139 (full 0):
 garbage-first heap   total 135168K, used 115270K [0x0000000780000000, 0x0000000800000000)
  region size 1024K, 53 young (54272K), 1 survivors (1024K)
 Metaspace       used 19339K, capacity 20182K, committed 20352K, reserved 1067008K
  class space    used 2572K, capacity 2903K, committed 2944K, reserved 1048576K
}
Event: 42.450 GC heap after
{Heap after GC invocations=140 (full 0):
 garbage-first heap   total 135168K, used 62513K [0x0000000780000000, 0x0000000800000000)
  region size 1024K, 1 young (1024K), 1 survivors (1024K)
 Metaspace       used 19339K, capacity 20182K, committed 20352K, reserved 1067008K
  class space    used 2572K, capacity 2903K, committed 2944K, reserved 1048576K
}
Event: 42.789 GC heap before
{Heap before GC invocations=141 (full 0):
 garbage-first heap   total 135168K, used 115761K [0x0000000780000000, 0x0000000800000000)
  region size 1024K, 53 young (54272K), 1 survivors (1024K)
 Metaspace       used 19345K, capacity 20182K, committed 20352K, reserved 1067008K
  class space    used 2572K, capacity 2903K, committed 2944K, reserved 1048576K
}
Event: 42.791 GC heap after
{Heap after GC invocations=142 (full 0):
 garbage-first heap   total 135168K, used 62507K [0x0000000780000000, 0x0000000800000000)
  region size 1024K, 1 young (1024K), 1 survivors (1024K)
 Metaspace       used 19345K, capacity 20182K, committed 20352K, reserved 1067008K
  class space    used 2572K, capacity 2903K, committed 2944K, reserved 1048576K
}
Event: 43.223 GC heap before
{Heap before GC invocations=142 (full 0):
 garbage-first heap   total 135168K, used 115755K [0x0000000780000000, 0x0000000800000000)
  region size 1024K, 53 young (54272K), 1 survivors (1024K)
 Metaspace       used 19357K, capacity 20182K, committed 20352K, reserved 1067008K
  class space    used 2572K, capacity 2903K, committed 2944K, reserved 1048576K
}
Event: 43.225 GC heap after
{Heap after GC invocations=143 (full 0):
 garbage-first heap   total 135168K, used 62452K [0x0000000780000000, 0x0000000800000000)
  region size 1024K, 1 young (1024K), 1 survivors (1024K)
 Metaspace       used 19357K, capacity 20182K, committed 20352K, reserved 1067008K
  class space    used 2572K, capacity 2903K, committed 2944K, reserved 1048576K
}

