# JRE version: Java(TM) SE Runtime Environment (14.0+36) (build 14+36-1461)
# Java VM: Java HotSpot(TM) 64-Bit Server VM (14+36-1461, mixed mode, sharing, tiered, compressed oops, g1 gc, bsd-amd64)
Heap:
 garbage-first heap   total 51200K, used 14554K [0x0000000780000000, 0x0000000800000000)
  region size 1024K, 1 young (1024K), 0 survivors (0K)
 Metaspace       used 19194K, capacity 20120K, committed 20352K, reserved 1067008K
  class space    used 2770K, capacity 3155K, committed 3200K, reserved 1048576K
GC Heap History (8 events):
Event: 0.608 GC heap before
{Heap before GC invocations=0 (full 0):
 garbage-first heap   total 133120K, used 14128K [0x0000000780000000, 0x0000000800000000)
  region size 1024K, 13 young (13312K), 0 survivors (0K)
 Metaspace       used 3192K, capacity 6109K, committed 6400K, reserved 1056768K
  class space    used 374K, capacity 680K, committed 768K, reserved 1048576K
}
Event: 0.610 GC heap after
{Heap after GC invocations=1 (full 0):
 garbage-first heap   total 133120K, used 2728K [0x0000000780000000, 0x0000000800000000)
  region size 1024K, 2 young (2048K), 2 survivors (2048K)
 Metaspace       used 3192K, capacity 6109K, committed 6400K, reserved 1056768K
  class space    used 374K, capacity 680K, committed 768K, reserved 1048576K
}
Event: 1.348 GC heap before
{Heap before GC invocations=1 (full 0):
 garbage-first heap   total 133120K, used 23208K [0x0000000780000000, 0x0000000800000000)
  region size 1024K, 23 young (23552K), 2 survivors (2048K)
 Metaspace       used 9688K, capacity 10827K, committed 11008K, reserved 1058816K
  class space    used 1291K, capacity 1448K, committed 1536K, reserved 1048576K
}
Event: 1.363 GC heap after
{Heap after GC invocations=2 (full 0):
 garbage-first heap   total 133120K, used 6719K [0x0000000780000000, 0x0000000800000000)
  region size 1024K, 3 young (3072K), 3 survivors (3072K)
 Metaspace       used 9688K, capacity 10827K, committed 11008K, reserved 1058816K
  class space    used 1291K, capacity 1448K, committed 1536K, reserved 1048576K
}
Event: 9.809 GC heap before
{Heap before GC invocations=2 (full 0):
 garbage-first heap   total 133120K, used 50751K [0x0000000780000000, 0x0000000800000000)
  region size 1024K, 46 young (47104K), 3 survivors (3072K)
 Metaspace       used 19139K, capacity 20053K, committed 20352K, reserved 1067008K
  class space    used 2768K, capacity 3154K, committed 3200K, reserved 1048576K
}
Event: 9.833 GC heap after
{Heap after GC invocations=3 (full 1):
 garbage-first heap   total 51200K, used 12513K [0x0000000780000000, 0x0000000800000000)
  region size 1024K, 0 young (0K), 0 survivors (0K)
 Metaspace       used 19139K, capacity 20053K, committed 20352K, reserved 1067008K
  class space    used 2768K, capacity 3154K, committed 3200K, reserved 1048576K
}
Event: 9.835 GC heap before
{Heap before GC invocations=3 (full 1):
 garbage-first heap   total 51200K, used 12513K [0x0000000780000000, 0x0000000800000000)
  region size 1024K, 1 young (1024K), 0 survivors (0K)
 Metaspace       used 19150K, capacity 20056K, committed 20352K, reserved 1067008K
  class space    used 2769K, capacity 3155K, committed 3200K, reserved 1048576K
}
Event: 9.854 GC heap after
{Heap after GC invocations=4 (full 2):
 garbage-first heap   total 51200K, used 12506K [0x0000000780000000, 0x0000000800000000)
  region size 1024K, 0 young (0K), 0 survivors (0K)
 Metaspace       used 19150K, capacity 20056K, committed 20352K, reserved 1067008K
  class space    used 2769K, capacity 3155K, committed 3200K, reserved 1048576K
}

